app/build/outputs/logs/manifest-merger-debug-report.txt
-- Merging decision tree log ---
manifest
ADDED from src\main\AndroidManifest.xml:1:1-41:12
	package
		ADDED from src\main\AndroidManifest.xml:2:9-44
		INJECTED from src\main\AndroidManifest.xml
		INJECTED from src\main\AndroidManifest.xml
	android:versionName
		ADDED from src\main\AndroidManifest.xml:3:9-36
		INJECTED from src\main\AndroidManifest.xml
		INJECTED from src\main\AndroidManifest.xml
	android:versionCode
		ADDED from src\main\AndroidManifest.xml:4:6-29
		INJECTED from src\main\AndroidManifest.xml
		INJECTED from src\main\AndroidManifest.xml
	xmlns:android
		ADDED from src\main\AndroidManifest.xml:1:11-69
uses-sdk
ADDED from src\main\AndroidManifest.xml:5:6-45
MERGED from [com.android.support:support-v4:24.2.1] AndroidManifest.xml:21:5-23:54
MERGED from [com.android.support:support-compat:24.2.1] AndroidManifest.xml:21:5-23:58
MERGED from [com.android.support:support-media-compat:24.2.1] AndroidManifest.xml:21:5-23:63
MERGED from [com.android.support:support-core-utils:24.2.1] AndroidManifest.xml:21:5-23:61
MERGED from [com.android.support:support-core-ui:24.2.1] AndroidManifest.xml:21:5-23:58
MERGED from [com.android.support:support-fragment:24.2.1] AndroidManifest.xml:21:5-23:60
MERGED from [srf:openCVLibrary249:unspecified] AndroidManifest.xml:7:5-9:41
	tools:overrideLibrary
		ADDED from [com.android.support:support-v4:24.2.1] AndroidManifest.xml:23:9-51
	android:targetSdkVersion
		INJECTED from src\main\AndroidManifest.xml
		INJECTED from src\main\AndroidManifest.xml
	android:minSdkVersion
		ADDED from src\main\AndroidManifest.xml:5:16-42
		INJECTED from src\main\AndroidManifest.xml
		INJECTED from src\main\AndroidManifest.xml
uses-permission#android.permission.WRITE_EXTERNAL_STORAGE
ADDED from src\main\AndroidManifest.xml:7:2-77
	android:name
		ADDED from src\main\AndroidManifest.xml:7:19-75
uses-permission#android.permission.CAMERA
ADDED from src\main\AndroidManifest.xml:8:5-64
	android:name
		ADDED from src\main\AndroidManifest.xml:8:22-62
uses-permission#android.permission.WAKE_LOCK
ADDED from src\main\AndroidManifest.xml:10:4-67
	android:name
		ADDED from src\main\AndroidManifest.xml:10:21-64
uses-feature#android.hardware.camera
ADDED from src\main\AndroidManifest.xml:12:5-84
	android:required
		ADDED from src\main\AndroidManifest.xml:12:58-82
	android:name
		ADDED from src\main\AndroidManifest.xml:12:19-57
uses-feature#android.hardware.camera.autofocus
ADDED from src\main\AndroidManifest.xml:13:5-94
	android:required
		ADDED from src\main\AndroidManifest.xml:13:68-92
	android:name
		ADDED from src\main\AndroidManifest.xml:13:19-67
uses-feature#android.hardware.camera.front
ADDED from src\main\AndroidManifest.xml:14:5-90
	android:required
		ADDED from src\main\AndroidManifest.xml:14:64-88
	android:name
		ADDED from src\main\AndroidManifest.xml:14:19-63
uses-feature#android.hardware.camera.front.autofocus
ADDED from src\main\AndroidManifest.xml:15:5-100
	android:required
		ADDED from src\main\AndroidManifest.xml:15:74-98
	android:name
		ADDED from src\main\AndroidManifest.xml:15:19-73
uses-permission#android.permission.SYSTEM_ALERT_WINDOW
ADDED from src\main\AndroidManifest.xml:16:4-77
	android:name
		ADDED from src\main\AndroidManifest.xml:16:21-74
application
ADDED from src\main\AndroidManifest.xml:18:5-39:19
MERGED from [com.android.support:support-v4:24.2.1] AndroidManifest.xml:25:5-20
MERGED from [com.android.support:support-compat:24.2.1] AndroidManifest.xml:25:5-20
MERGED from [com.android.support:support-media-compat:24.2.1] AndroidManifest.xml:25:5-20
MERGED from [com.android.support:support-core-utils:24.2.1] AndroidManifest.xml:25:5-20
MERGED from [com.android.support:support-core-ui:24.2.1] AndroidManifest.xml:25:5-20
MERGED from [com.android.support:support-fragment:24.2.1] AndroidManifest.xml:25:5-20
	android:label
		ADDED from src\main\AndroidManifest.xml:18:18-50
	android:icon
		ADDED from src\main\AndroidManifest.xml:18:51-84
	android:name
		ADDED from src\main\AndroidManifest.xml:18:85-110
service#com.seu.SecureFingerMouse.SoftKeyboard
ADDED from src\main\AndroidManifest.xml:19:9-25:19
	android:permission
		ADDED from src\main\AndroidManifest.xml:20:17-74
	android:name
		ADDED from src\main\AndroidManifest.xml:19:18-45
intent-filter#android.view.InputMethod
ADDED from src\main\AndroidManifest.xml:21:13-23:29
action#android.view.InputMethod
ADDED from src\main\AndroidManifest.xml:22:17-67
	android:name
		ADDED from src\main\AndroidManifest.xml:22:25-64
meta-data#android.view.im
ADDED from src\main\AndroidManifest.xml:24:13-88
	android:resource
		ADDED from src\main\AndroidManifest.xml:24:55-85
	android:name
		ADDED from src\main\AndroidManifest.xml:24:24-54
activity#com.seu.SecureFingerMouse.PEK
ADDED from src\main\AndroidManifest.xml:27:9-32:20
	android:label
		ADDED from src\main\AndroidManifest.xml:27:39-76
	android:name
		ADDED from src\main\AndroidManifest.xml:27:19-38
intent-filter#android.intent.action.MAIN
ADDED from src\main\AndroidManifest.xml:28:13-31:29
action#android.intent.action.MAIN
ADDED from src\main\AndroidManifest.xml:29:18-69
	android:name
		ADDED from src\main\AndroidManifest.xml:29:26-67
service#com.seu.SecureFingerMouse.CursorService
ADDED from src\main\AndroidManifest.xml:33:9-37:19
	android:name
		ADDED from src\main\AndroidManifest.xml:33:18-72
intent-filter#com.seu.SecureFingerMouse.CursorService
ADDED from src\main\AndroidManifest.xml:34:13-36:29
action#com.seu.SecureFingerMouse.CursorService
ADDED from src\main\AndroidManifest.xml:35:17-82
	android:name
		ADDED from src\main\AndroidManifest.xml:35:25-79